{"timestamp": "2026-03-31T02:13:17Z", "identity": "system:orchestrator", "secret_id": "provider_api_key", "version": "v0", "action": "seed", "status": "success", "trace_id": "ac86ab72-309a-46d5-89ee-8342af206994", "details": {}}
{"timestamp": "2026-03-31T02:13:17Z", "identity": "system:orchestrator", "secret_id": "provider_api_key", "version": null, "action": "rotate_start", "status": "success", "trace_id": "423dd6c8", "details": {}}
{"timestamp": "2026-03-31T02:13:17Z", "identity": "system:orchestrator", "secret_id": "provider_api_key", "version": "v1774923197", "action": "write", "status": "success", "trace_id": "423dd6c8", "details": {"supersedes": "v0"}}
{"timestamp": "2026-03-31T02:13:18Z", "identity": "system:orchestrator", "secret_id": "provider_api_key", "version": "v1774923197", "action": "propagate", "status": "success", "trace_id": "423dd6c8", "details": {}}
{"timestamp": "2026-03-31T02:13:18Z", "identity": "system:orchestrator", "secret_id": "provider_api_key", "version": "v1774923197", "action": "verify", "status": "success", "trace_id": "423dd6c8", "details": {}}
{"timestamp": "2026-03-31T02:13:18Z", "identity": "system:orchestrator", "secret_id": "provider_api_key", "version": "v1774923197", "action": "activate", "status": "success", "trace_id": "423dd6c8", "details": {"grace_version": "v0"}}
{"timestamp": "2026-03-31T02:13:21Z", "identity": "system:orchestrator", "secret_id": "provider_api_key", "version": "v0", "action": "grace_period_end", "status": "success", "trace_id": "423dd6c8", "details": {}}
{"timestamp": "2026-03-31T02:13:21Z", "identity": "system:orchestrator", "secret_id": "provider_api_key", "version": "v0", "action": "revoke", "status": "success", "trace_id": "423dd6c8", "details": {}}
{"timestamp": "2026-03-31T02:13:21Z", "identity": "system:orchestrator", "secret_id": "provider_api_key", "version": "v1774923197", "action": "rotate_complete", "status": "success", "trace_id": "423dd6c8", "details": {}}
{"timestamp": "2026-03-31T02:14:23Z", "identity": "system:orchestrator", "secret_id": "provider_api_key", "version": null, "action": "rotate_start", "status": "success", "trace_id": "550d953a", "details": {}}
{"timestamp": "2026-03-31T02:14:23Z", "identity": "system:orchestrator", "secret_id": "provider_api_key", "version": "v1774923263", "action": "write", "status": "success", "trace_id": "550d953a", "details": {"supersedes": "v1774923197"}}
{"timestamp": "2026-03-31T02:14:24Z", "identity": "system:orchestrator", "secret_id": "provider_api_key", "version": "v1774923263", "action": "propagate", "status": "success", "trace_id": "550d953a", "details": {}}
{"timestamp": "2026-03-31T02:14:24Z", "identity": "system:orchestrator", "secret_id": "provider_api_key", "version": "v1774923263", "action": "rotate_failed", "status": "failure", "trace_id": "550d953a", "details": {"error": "Health check FAILED for 'checkout' with version v1774923263"}}
{"timestamp": "2026-03-31T02:14:24Z", "identity": "system:orchestrator", "secret_id": "provider_api_key", "version": "v1774923197", "action": "rollback_complete", "status": "success", "trace_id": "550d953a", "details": {}}
{"timestamp": "2026-03-31T02:14:37Z", "identity": "system:orchestrator", "secret_id": "provider_api_key", "version": null, "action": "rotate_start", "status": "success", "trace_id": "e3c661d7", "details": {}}
{"timestamp": "2026-03-31T02:14:37Z", "identity": "system:orchestrator", "secret_id": "provider_api_key", "version": "v1774923277", "action": "write", "status": "success", "trace_id": "e3c661d7", "details": {"supersedes": "v1774923197"}}
{"timestamp": "2026-03-31T02:14:37Z", "identity": "system:orchestrator", "secret_id": "provider_api_key", "version": "v1774923277", "action": "propagate", "status": "success", "trace_id": "e3c661d7", "details": {}}
{"timestamp": "2026-03-31T02:14:37Z", "identity": "system:orchestrator", "secret_id": "provider_api_key", "version": "v1774923277", "action": "verify", "status": "success", "trace_id": "e3c661d7", "details": {}}
{"timestamp": "2026-03-31T02:14:37Z", "identity": "system:orchestrator", "secret_id": "provider_api_key", "version": "v1774923277", "action": "activate", "status": "success", "trace_id": "e3c661d7", "details": {"grace_version": "v1774923197"}}
{"timestamp": "2026-03-31T02:14:40Z", "identity": "system:orchestrator", "secret_id": "provider_api_key", "version": "v1774923197", "action": "grace_period_end", "status": "success", "trace_id": "e3c661d7", "details": {}}
{"timestamp": "2026-03-31T02:14:40Z", "identity": "system:orchestrator", "secret_id": "provider_api_key", "version": "v1774923197", "action": "revoke", "status": "success", "trace_id": "e3c661d7", "details": {}}
{"timestamp": "2026-03-31T02:14:40Z", "identity": "system:orchestrator", "secret_id": "provider_api_key", "version": "v1774923277", "action": "rotate_complete", "status": "success", "trace_id": "e3c661d7", "details": {}}
{"timestamp": "2026-03-31T02:14:40Z", "identity": "system:orchestrator", "secret_id": "provider_api_key", "version": null, "action": "rotate_start", "status": "success", "trace_id": "1e55e0bf", "details": {}}
{"timestamp": "2026-03-31T02:14:40Z", "identity": "system:orchestrator", "secret_id": "provider_api_key", "version": "v1774923280", "action": "write", "status": "success", "trace_id": "1e55e0bf", "details": {"supersedes": "v1774923277"}}
{"timestamp": "2026-03-31T02:14:40Z", "identity": "system:orchestrator", "secret_id": "provider_api_key", "version": "v1774923280", "action": "propagate", "status": "success", "trace_id": "1e55e0bf", "details": {}}
{"timestamp": "2026-03-31T02:14:40Z", "identity": "system:orchestrator", "secret_id": "provider_api_key", "version": "v1774923280", "action": "verify", "status": "success", "trace_id": "1e55e0bf", "details": {}}
{"timestamp": "2026-03-31T02:14:40Z", "identity": "system:orchestrator", "secret_id": "provider_api_key", "version": "v1774923280", "action": "activate", "status": "success", "trace_id": "1e55e0bf", "details": {"grace_version": "v1774923277"}}
{"timestamp": "2026-03-31T02:14:43Z", "identity": "system:orchestrator", "secret_id": "provider_api_key", "version": "v1774923277", "action": "grace_period_end", "status": "success", "trace_id": "1e55e0bf", "details": {}}
{"timestamp": "2026-03-31T02:14:43Z", "identity": "system:orchestrator", "secret_id": "provider_api_key", "version": "v1774923277", "action": "revoke", "status": "success", "trace_id": "1e55e0bf", "details": {}}
{"timestamp": "2026-03-31T02:14:43Z", "identity": "system:orchestrator", "secret_id": "provider_api_key", "version": "v1774923280", "action": "rotate_complete", "status": "success", "trace_id": "1e55e0bf", "details": {}}
{"identity": "system:orchestrator", "secret_id": "provider_api_key", "action": "rotate_start", "status": "success", "trace_id": "test-001", "timestamp": "2026-03-31T02:20:42Z", "version": null, "details": {}}
{"identity": "user:dev@yuno.co", "secret_id": "__auth__", "action": "read", "status": "success", "trace_id": "c2c7ff03-099", "timestamp": "2026-03-31T02:22:31Z", "version": null, "details": {"ttl_hours": 8, "expires_at": 1774952551.8677459}}
{"identity": "user:dev@yuno.co", "secret_id": "provider_api_key", "action": "read", "status": "failure", "trace_id": "c2c7ff03-099", "timestamp": "2026-03-31T02:22:32Z", "version": null, "details": {"reason": "DENIED  principal=user:dev@yuno.co  action=secrets:GetValue  resource=secret:provider_api_key  (no matching allow statement)"}}
{"identity": "user:developer", "secret_id": "__auth__", "action": "read", "status": "success", "trace_id": "ea471f5d-3e5", "timestamp": "2026-03-31T02:23:56Z", "version": null, "details": {"email": "dev@yuno.co", "ttl_hours": 8, "expires_at": 1774952636.8818307}}
{"identity": "user:developer", "secret_id": "provider_api_key", "action": "read", "status": "success", "trace_id": "ea471f5d-3e5", "timestamp": "2026-03-31T02:23:57Z", "version": "v1774923280", "details": {"email": "dev@yuno.co", "masked": true, "env": "dev"}}
{"identity": "user:developer", "secret_id": "provider_api_key", "action": "read", "status": "success", "trace_id": "ea471f5d-3e5", "timestamp": "2026-03-31T02:23:57Z", "version": "v1774923280", "details": {"email": "dev@yuno.co", "masked": false, "env": "dev"}}
{"identity": "user:dev@yuno.co", "secret_id": "__auth__", "action": "read", "status": "failure", "trace_id": "33032c79-55c9-449f-b51c-336402cd3c46", "timestamp": "2026-03-31T02:23:57Z", "version": null, "details": {"reason": "invalid credentials"}}
{"identity": "system:break-glass", "secret_id": "__auth__", "action": "break_glass", "status": "failure", "trace_id": "a9dad3a5-b9e2-4aef-a0bc-ed22899443b2", "timestamp": "2026-03-31T02:25:24Z", "version": null, "details": {"approver": "ops@yuno.co", "reason": "invalid approval code"}}
{"identity": "system:break-glass", "secret_id": "__auth__", "action": "break_glass", "status": "success", "trace_id": "1da44661-fa1", "timestamp": "2026-03-31T02:25:25Z", "version": null, "details": {"approver": "ops@yuno.co", "reason": "prod auth system is unreachable, need to verify refund_token", "expires_at": 1774931125.0354102, "ttl_seconds": 7200}}
{"identity": "system:orchestrator", "secret_id": "refund_token", "action": "seed", "status": "success", "trace_id": "24066807-58c5-417b-9ddc-6b1536095192", "timestamp": "2026-03-31T02:25:36Z", "version": "v0", "details": {}}
{"identity": "system:orchestrator", "secret_id": "refund_token", "action": "rotate_start", "status": "success", "trace_id": "e76357ee", "timestamp": "2026-03-31T02:25:36Z", "version": null, "details": {}}
{"identity": "system:orchestrator", "secret_id": "refund_token", "action": "write", "status": "success", "trace_id": "e76357ee", "timestamp": "2026-03-31T02:25:36Z", "version": "v1774923936", "details": {"supersedes": "v0"}}
{"identity": "system:orchestrator", "secret_id": "refund_token", "action": "propagate", "status": "success", "trace_id": "e76357ee", "timestamp": "2026-03-31T02:25:36Z", "version": "v1774923936", "details": {}}
{"identity": "system:orchestrator", "secret_id": "refund_token", "action": "verify", "status": "success", "trace_id": "e76357ee", "timestamp": "2026-03-31T02:25:36Z", "version": "v1774923936", "details": {}}
{"identity": "system:orchestrator", "secret_id": "refund_token", "action": "activate", "status": "success", "trace_id": "e76357ee", "timestamp": "2026-03-31T02:25:36Z", "version": "v1774923936", "details": {"grace_version": "v0"}}
{"identity": "system:orchestrator", "secret_id": "refund_token", "action": "grace_period_end", "status": "success", "trace_id": "e76357ee", "timestamp": "2026-03-31T02:25:38Z", "version": "v0", "details": {}}
{"identity": "system:orchestrator", "secret_id": "refund_token", "action": "revoke", "status": "success", "trace_id": "e76357ee", "timestamp": "2026-03-31T02:25:38Z", "version": "v0", "details": {}}
{"identity": "system:orchestrator", "secret_id": "refund_token", "action": "rotate_complete", "status": "success", "trace_id": "e76357ee", "timestamp": "2026-03-31T02:25:38Z", "version": "v1774923936", "details": {}}
{"identity": "system:break-glass", "secret_id": "refund_token", "action": "break_glass", "status": "success", "trace_id": "1da44661-fa1", "timestamp": "2026-03-31T02:25:39Z", "version": "v1774923936", "details": {"approver": "ops@yuno.co", "reason": "prod auth system is unreachable, need to verify refund_token", "ttl_remaining": "119m 45s"}}
{"identity": "system:break-glass", "secret_id": "__auth__", "action": "break_glass", "status": "success", "trace_id": "1da44661-fa1", "timestamp": "2026-03-31T02:25:39Z", "version": null, "details": {"action": "session_end", "approver": "ops@yuno.co", "duration_seconds": 14}}
{"identity": "system:orchestrator", "secret_id": "provider_api_key", "action": "rotate_start", "status": "success", "trace_id": "0d5c81f5", "timestamp": "2026-03-31T02:31:06Z", "version": null, "details": {}}
{"identity": "system:orchestrator", "secret_id": "provider_api_key", "action": "write", "status": "success", "trace_id": "0d5c81f5", "timestamp": "2026-03-31T02:31:06Z", "version": "v1774924266", "details": {"supersedes": "v1774923280"}}
{"identity": "system:orchestrator", "secret_id": "provider_api_key", "action": "propagate", "status": "success", "trace_id": "0d5c81f5", "timestamp": "2026-03-31T02:31:06Z", "version": "v1774924266", "details": {}}
{"identity": "system:orchestrator", "secret_id": "provider_api_key", "action": "verify", "status": "success", "trace_id": "0d5c81f5", "timestamp": "2026-03-31T02:31:06Z", "version": "v1774924266", "details": {}}
{"identity": "system:orchestrator", "secret_id": "provider_api_key", "action": "activate", "status": "success", "trace_id": "0d5c81f5", "timestamp": "2026-03-31T02:31:06Z", "version": "v1774924266", "details": {"grace_version": "v1774923280"}}
{"identity": "system:orchestrator", "secret_id": "provider_api_key", "action": "grace_period_end", "status": "success", "trace_id": "0d5c81f5", "timestamp": "2026-03-31T02:31:08Z", "version": "v1774923280", "details": {}}
{"identity": "system:orchestrator", "secret_id": "provider_api_key", "action": "revoke", "status": "success", "trace_id": "0d5c81f5", "timestamp": "2026-03-31T02:31:08Z", "version": "v1774923280", "details": {}}
{"identity": "system:orchestrator", "secret_id": "provider_api_key", "action": "rotate_complete", "status": "success", "trace_id": "0d5c81f5", "timestamp": "2026-03-31T02:31:08Z", "version": "v1774924266", "details": {}}
{"identity": "user:developer", "secret_id": "__auth__", "action": "read", "status": "success", "trace_id": "93f6403a-920", "timestamp": "2026-03-31T02:31:08Z", "version": null, "details": {"email": "dev@yuno.co", "ttl_hours": 4, "expires_at": 1774938668.7063155}}
{"identity": "user:developer", "secret_id": "provider_api_key", "action": "read", "status": "success", "trace_id": "93f6403a-920", "timestamp": "2026-03-31T02:31:08Z", "version": "v1774924266", "details": {"email": "dev@yuno.co", "masked": true, "env": "dev"}}
{"identity": "system:orchestrator", "secret_id": "provider_api_key", "action": "rotate_start", "status": "success", "trace_id": "e33cee1e", "timestamp": "2026-03-31T02:31:08Z", "version": null, "details": {}}
{"identity": "system:orchestrator", "secret_id": "provider_api_key", "action": "write", "status": "success", "trace_id": "e33cee1e", "timestamp": "2026-03-31T02:31:08Z", "version": "v1774924268", "details": {"supersedes": "v1774924266"}}
{"identity": "system:orchestrator", "secret_id": "provider_api_key", "action": "propagate", "status": "success", "trace_id": "e33cee1e", "timestamp": "2026-03-31T02:31:08Z", "version": "v1774924268", "details": {}}
{"identity": "system:orchestrator", "secret_id": "provider_api_key", "action": "rotate_failed", "status": "failure", "trace_id": "e33cee1e", "timestamp": "2026-03-31T02:31:08Z", "version": "v1774924268", "details": {"error": "Health check FAILED for 'checkout' with version v1774924268"}}
{"identity": "system:orchestrator", "secret_id": "provider_api_key", "action": "rollback_complete", "status": "success", "trace_id": "e33cee1e", "timestamp": "2026-03-31T02:31:08Z", "version": "v1774924266", "details": {}}
{"identity": "system:orchestrator", "secret_id": "provider_api_key", "action": "seed", "status": "success", "trace_id": "9119d2ae-68a5-40ac-b675-c700a55ad0c3", "timestamp": "2026-03-31T02:46:01Z", "version": "v0", "details": {}}
{"identity": "system:orchestrator", "secret_id": "provider_api_key", "action": "rotate_start", "status": "success", "trace_id": "01335214", "timestamp": "2026-03-31T02:46:01Z", "version": null, "details": {}}
{"identity": "system:orchestrator", "secret_id": "provider_api_key", "action": "write", "status": "success", "trace_id": "01335214", "timestamp": "2026-03-31T02:46:01Z", "version": "v958dab8b0eca4113", "details": {"supersedes": "v0"}}
{"identity": "system:orchestrator", "secret_id": "provider_api_key", "action": "propagate", "status": "success", "trace_id": "01335214", "timestamp": "2026-03-31T02:46:01Z", "version": "v958dab8b0eca4113", "details": {}}
{"identity": "system:orchestrator", "secret_id": "provider_api_key", "action": "verify", "status": "success", "trace_id": "01335214", "timestamp": "2026-03-31T02:46:01Z", "version": "v958dab8b0eca4113", "details": {}}
{"identity": "system:orchestrator", "secret_id": "provider_api_key", "action": "activate", "status": "success", "trace_id": "01335214", "timestamp": "2026-03-31T02:46:01Z", "version": "v958dab8b0eca4113", "details": {"grace_version": "v0"}}
{"identity": "system:orchestrator", "secret_id": "provider_api_key", "action": "grace_period_end", "status": "success", "trace_id": "01335214", "timestamp": "2026-03-31T02:46:03Z", "version": "v0", "details": {}}
{"identity": "system:orchestrator", "secret_id": "provider_api_key", "action": "revoke", "status": "success", "trace_id": "01335214", "timestamp": "2026-03-31T02:46:03Z", "version": "v0", "details": {}}
{"identity": "system:orchestrator", "secret_id": "provider_api_key", "action": "rotate_complete", "status": "success", "trace_id": "01335214", "timestamp": "2026-03-31T02:46:03Z", "version": "v958dab8b0eca4113", "details": {}}
{"identity": "system:orchestrator", "secret_id": "provider_api_key", "action": "rotate_start", "status": "success", "trace_id": "461b2e37", "timestamp": "2026-03-31T02:46:42Z", "version": null, "details": {}}
{"identity": "system:orchestrator", "secret_id": "provider_api_key", "action": "write", "status": "success", "trace_id": "461b2e37", "timestamp": "2026-03-31T02:46:43Z", "version": "va12aa451437448f7", "details": {"supersedes": "v958dab8b0eca4113"}}
{"identity": "system:orchestrator", "secret_id": "provider_api_key", "action": "propagate", "status": "success", "trace_id": "461b2e37", "timestamp": "2026-03-31T02:46:43Z", "version": "va12aa451437448f7", "details": {}}
{"identity": "system:orchestrator", "secret_id": "provider_api_key", "action": "rotate_failed", "status": "failure", "trace_id": "461b2e37", "timestamp": "2026-03-31T02:46:43Z", "version": "va12aa451437448f7", "details": {"error": "Health check FAILED for 'checkout' with version va12aa451437448f7"}}
{"identity": "system:orchestrator", "secret_id": "provider_api_key", "action": "rollback_complete", "status": "success", "trace_id": "461b2e37", "timestamp": "2026-03-31T02:46:43Z", "version": "v958dab8b0eca4113", "details": {}}
{"identity": "system:orchestrator", "secret_id": "provider_api_key", "action": "rotate_start", "status": "success", "trace_id": "54b29fe4", "timestamp": "2026-03-31T02:46:43Z", "version": null, "details": {}}
{"identity": "system:orchestrator", "secret_id": "provider_api_key", "action": "write", "status": "success", "trace_id": "54b29fe4", "timestamp": "2026-03-31T02:46:43Z", "version": "v08f528b2adc24768", "details": {"supersedes": "v958dab8b0eca4113"}}
{"identity": "system:orchestrator", "secret_id": "provider_api_key", "action": "propagate", "status": "success", "trace_id": "54b29fe4", "timestamp": "2026-03-31T02:46:43Z", "version": "v08f528b2adc24768", "details": {}}
{"identity": "system:orchestrator", "secret_id": "provider_api_key", "action": "verify", "status": "success", "trace_id": "54b29fe4", "timestamp": "2026-03-31T02:46:43Z", "version": "v08f528b2adc24768", "details": {}}
{"identity": "system:orchestrator", "secret_id": "provider_api_key", "action": "activate", "status": "success", "trace_id": "54b29fe4", "timestamp": "2026-03-31T02:46:43Z", "version": "v08f528b2adc24768", "details": {"grace_version": "v958dab8b0eca4113"}}
{"identity": "system:orchestrator", "secret_id": "provider_api_key", "action": "rotate_failed", "status": "failure", "trace_id": "54b29fe4", "timestamp": "2026-03-31T02:46:44Z", "version": "v08f528b2adc24768", "details": {"error": "[Errno 32] Broken pipe"}}
{"identity": "system:orchestrator", "secret_id": "provider_api_key", "action": "rollback_complete", "status": "success", "trace_id": "54b29fe4", "timestamp": "2026-03-31T02:46:44Z", "version": "v958dab8b0eca4113", "details": {}}
{"identity": "system:orchestrator", "secret_id": "provider_api_key", "action": "rotate_start", "status": "success", "trace_id": "eb265d34", "timestamp": "2026-03-31T02:47:29Z", "version": null, "details": {}}
{"identity": "system:orchestrator", "secret_id": "provider_api_key", "action": "write", "status": "success", "trace_id": "eb265d34", "timestamp": "2026-03-31T02:47:29Z", "version": "vc3f00508908f4a8a", "details": {"supersedes": "v958dab8b0eca4113"}}
{"identity": "system:orchestrator", "secret_id": "provider_api_key", "action": "propagate", "status": "success", "trace_id": "eb265d34", "timestamp": "2026-03-31T02:47:29Z", "version": "vc3f00508908f4a8a", "details": {}}
{"identity": "system:orchestrator", "secret_id": "provider_api_key", "action": "verify", "status": "success", "trace_id": "eb265d34", "timestamp": "2026-03-31T02:47:29Z", "version": "vc3f00508908f4a8a", "details": {}}
{"identity": "system:orchestrator", "secret_id": "provider_api_key", "action": "activate", "status": "success", "trace_id": "eb265d34", "timestamp": "2026-03-31T02:47:29Z", "version": "vc3f00508908f4a8a", "details": {"grace_version": "v958dab8b0eca4113"}}
{"identity": "system:orchestrator", "secret_id": "provider_api_key", "action": "rotate_start", "status": "success", "trace_id": "cec1b108", "timestamp": "2026-03-31T02:47:30Z", "version": null, "details": {"force_override": true, "overridden_trace": "eb265d34", "overridden_started_at": 1774925249.3532274}}
{"identity": "system:orchestrator", "secret_id": "provider_api_key", "action": "rotate_start", "status": "success", "trace_id": "cec1b108", "timestamp": "2026-03-31T02:47:30Z", "version": null, "details": {}}
{"identity": "system:orchestrator", "secret_id": "provider_api_key", "action": "write", "status": "success", "trace_id": "cec1b108", "timestamp": "2026-03-31T02:47:30Z", "version": "v8711adc7b3404d3c", "details": {"supersedes": "vc3f00508908f4a8a"}}
{"identity": "system:orchestrator", "secret_id": "provider_api_key", "action": "propagate", "status": "success", "trace_id": "cec1b108", "timestamp": "2026-03-31T02:47:30Z", "version": "v8711adc7b3404d3c", "details": {}}
{"identity": "system:orchestrator", "secret_id": "provider_api_key", "action": "verify", "status": "success", "trace_id": "cec1b108", "timestamp": "2026-03-31T02:47:30Z", "version": "v8711adc7b3404d3c", "details": {}}
{"identity": "system:orchestrator", "secret_id": "provider_api_key", "action": "activate", "status": "success", "trace_id": "cec1b108", "timestamp": "2026-03-31T02:47:30Z", "version": "v8711adc7b3404d3c", "details": {"grace_version": "vc3f00508908f4a8a"}}
{"identity": "system:orchestrator", "secret_id": "provider_api_key", "action": "grace_period_end", "status": "success", "trace_id": "cec1b108", "timestamp": "2026-03-31T02:47:32Z", "version": "vc3f00508908f4a8a", "details": {}}
{"identity": "system:orchestrator", "secret_id": "provider_api_key", "action": "revoke", "status": "success", "trace_id": "cec1b108", "timestamp": "2026-03-31T02:47:32Z", "version": "vc3f00508908f4a8a", "details": {}}
{"identity": "system:orchestrator", "secret_id": "provider_api_key", "action": "rotate_complete", "status": "success", "trace_id": "cec1b108", "timestamp": "2026-03-31T02:47:32Z", "version": "v8711adc7b3404d3c", "details": {}}
{"identity": "system:orchestrator", "secret_id": "provider_api_key", "action": "grace_period_end", "status": "success", "trace_id": "eb265d34", "timestamp": "2026-03-31T02:47:59Z", "version": "v958dab8b0eca4113", "details": {}}
{"identity": "system:orchestrator", "secret_id": "provider_api_key", "action": "revoke", "status": "success", "trace_id": "eb265d34", "timestamp": "2026-03-31T02:47:59Z", "version": "v958dab8b0eca4113", "details": {}}
{"identity": "system:orchestrator", "secret_id": "provider_api_key", "action": "rotate_complete", "status": "success", "trace_id": "eb265d34", "timestamp": "2026-03-31T02:47:59Z", "version": "vc3f00508908f4a8a", "details": {}}
{"identity": "system:orchestrator", "secret_id": "provider_api_key", "action": "rotate_start", "status": "success", "trace_id": "f24e03f7", "timestamp": "2026-03-31T02:53:28Z", "version": null, "details": {}}
{"identity": "system:orchestrator", "secret_id": "provider_api_key", "action": "write", "status": "success", "trace_id": "f24e03f7", "timestamp": "2026-03-31T02:53:28Z", "version": "va1b4846efeeb4a46", "details": {"supersedes": "v8711adc7b3404d3c"}}
{"identity": "system:orchestrator", "secret_id": "provider_api_key", "action": "propagate", "status": "success", "trace_id": "f24e03f7", "timestamp": "2026-03-31T02:53:28Z", "version": "va1b4846efeeb4a46", "details": {}}
{"identity": "system:orchestrator", "secret_id": "provider_api_key", "action": "verify", "status": "success", "trace_id": "f24e03f7", "timestamp": "2026-03-31T02:53:28Z", "version": "va1b4846efeeb4a46", "details": {}}
{"identity": "system:orchestrator", "secret_id": "provider_api_key", "action": "activate", "status": "success", "trace_id": "f24e03f7", "timestamp": "2026-03-31T02:53:28Z", "version": "va1b4846efeeb4a46", "details": {"grace_version": "v8711adc7b3404d3c"}}
{"identity": "system:orchestrator", "secret_id": "provider_api_key", "action": "grace_period_end", "status": "success", "trace_id": "f24e03f7", "timestamp": "2026-03-31T02:53:30Z", "version": "v8711adc7b3404d3c", "details": {}}
{"identity": "system:orchestrator", "secret_id": "provider_api_key", "action": "revoke", "status": "success", "trace_id": "f24e03f7", "timestamp": "2026-03-31T02:53:30Z", "version": "v8711adc7b3404d3c", "details": {}}
{"identity": "system:orchestrator", "secret_id": "provider_api_key", "action": "rotate_complete", "status": "success", "trace_id": "f24e03f7", "timestamp": "2026-03-31T02:53:30Z", "version": "va1b4846efeeb4a46", "details": {}}
{"identity": "system:orchestrator", "secret_id": "provider_api_key", "action": "rotate_start", "status": "success", "trace_id": "e6599092", "timestamp": "2026-03-31T02:53:30Z", "version": null, "details": {}}
{"identity": "system:orchestrator", "secret_id": "provider_api_key", "action": "write", "status": "success", "trace_id": "e6599092", "timestamp": "2026-03-31T02:53:30Z", "version": "v758f34f5c5ff466c", "details": {"supersedes": "va1b4846efeeb4a46"}}
{"identity": "system:orchestrator", "secret_id": "provider_api_key", "action": "rotate_failed", "status": "failure", "trace_id": "e6599092", "timestamp": "2026-03-31T02:53:30Z", "version": "v758f34f5c5ff466c", "details": {"error": "Service 'checkout' failed to pre-fetch v758f34f5c5ff466c"}}
{"identity": "system:orchestrator", "secret_id": "provider_api_key", "action": "rollback_complete", "status": "success", "trace_id": "e6599092", "timestamp": "2026-03-31T02:53:30Z", "version": "va1b4846efeeb4a46", "details": {}}
